# JRE version: OpenJDK Runtime Environment (11.0.8+10) (build 11.0.8+10-b944.6842174)
# Java VM: OpenJDK 64-Bit Server VM (11.0.8+10-b944.6842174, mixed mode, tiered, compressed oops, g1 gc, windows-amd64)
Heap:
 garbage-first heap   total 155648K, used 100590K [0x0000000080000000, 0x0000000100000000)
  region size 1024K, 59 young (60416K), 6 survivors (6144K)
 Metaspace       used 65415K, capacity 66907K, committed 66944K, reserved 1107968K
  class space    used 8520K, capacity 9069K, committed 9088K, reserved 1048576K
GC Heap History (20 events):
Event: 2.456 GC heap before
{Heap before GC invocations=1 (full 0):
 garbage-first heap   total 129024K, used 81364K [0x0000000080000000, 0x0000000100000000)
  region size 1024K, 75 young (76800K), 3 survivors (3072K)
 Metaspace       used 18894K, capacity 19346K, committed 19456K, reserved 1067008K
  class space    used 2285K, capacity 2458K, committed 2560K, reserved 1048576K
}
Event: 2.461 GC heap after
{Heap after GC invocations=2 (full 0):
 garbage-first heap   total 129024K, used 15689K [0x0000000080000000, 0x0000000100000000)
  region size 1024K, 10 young (10240K), 10 survivors (10240K)
 Metaspace       used 18894K, capacity 19346K, committed 19456K, reserved 1067008K
  class space    used 2285K, capacity 2458K, committed 2560K, reserved 1048576K
}
Event: 2.558 GC heap before
{Heap before GC invocations=2 (full 0):
 garbage-first heap   total 129024K, used 29001K [0x0000000080000000, 0x0000000100000000)
  region size 1024K, 24 young (24576K), 10 survivors (10240K)
 Metaspace       used 20656K, capacity 21115K, committed 21248K, reserved 1067008K
  class space    used 2538K, capacity 2712K, committed 2816K, reserved 1048576K
}
Event: 2.564 GC heap after
{Heap after GC invocations=3 (full 0):
 garbage-first heap   total 129024K, used 16693K [0x0000000080000000, 0x0000000100000000)
  region size 1024K, 1 young (1024K), 1 survivors (1024K)
 Metaspace       used 20656K, capacity 21115K, committed 21248K, reserved 1067008K
  class space    used 2538K, capacity 2712K, committed 2816K, reserved 1048576K
}
Event: 2.935 GC heap before
{Heap before GC invocations=4 (full 0):
 garbage-first heap   total 129024K, used 64821K [0x0000000080000000, 0x0000000100000000)
  region size 1024K, 48 young (49152K), 1 survivors (1024K)
 Metaspace       used 26046K, capacity 26681K, committed 27008K, reserved 1073152K
  class space    used 3402K, capacity 3634K, committed 3712K, reserved 1048576K
}
Event: 2.937 GC heap after
{Heap after GC invocations=5 (full 0):
 garbage-first heap   total 129024K, used 18241K [0x0000000080000000, 0x0000000100000000)
  region size 1024K, 3 young (3072K), 3 survivors (3072K)
 Metaspace       used 26046K, capacity 26681K, committed 27008K, reserved 1073152K
  class space    used 3402K, capacity 3634K, committed 3712K, reserved 1048576K
}
Event: 3.455 GC heap before
{Heap before GC invocations=5 (full 0):
 garbage-first heap   total 129024K, used 69441K [0x0000000080000000, 0x0000000100000000)
  region size 1024K, 54 young (55296K), 3 survivors (3072K)
 Metaspace       used 35111K, capacity 35773K, committed 35840K, reserved 1081344K
  class space    used 4568K, capacity 4856K, committed 4864K, reserved 1048576K
}
Event: 3.461 GC heap after
{Heap after GC invocations=6 (full 0):
 garbage-first heap   total 129024K, used 21641K [0x0000000080000000, 0x0000000100000000)
  region size 1024K, 6 young (6144K), 6 survivors (6144K)
 Metaspace       used 35111K, capacity 35773K, committed 35840K, reserved 1081344K
  class space    used 4568K, capacity 4856K, committed 4864K, reserved 1048576K
}
Event: 4.032 GC heap before
{Heap before GC invocations=7 (full 0):
 garbage-first heap   total 129024K, used 81033K [0x0000000080000000, 0x0000000100000000)
  region size 1024K, 61 young (62464K), 6 survivors (6144K)
 Metaspace       used 40640K, capacity 41502K, committed 41600K, reserved 1085440K
  class space    used 5195K, capacity 5501K, committed 5504K, reserved 1048576K
}
Event: 4.038 GC heap after
{Heap after GC invocations=8 (full 0):
 garbage-first heap   total 129024K, used 24849K [0x0000000080000000, 0x0000000100000000)
  region size 1024K, 7 young (7168K), 7 survivors (7168K)
 Metaspace       used 40640K, capacity 41502K, committed 41600K, reserved 1085440K
  class space    used 5195K, capacity 5501K, committed 5504K, reserved 1048576K
}
Event: 4.695 GC heap before
{Heap before GC invocations=8 (full 0):
 garbage-first heap   total 129024K, used 83217K [0x0000000080000000, 0x0000000100000000)
  region size 1024K, 64 young (65536K), 7 survivors (7168K)
 Metaspace       used 44147K, capacity 45133K, committed 45184K, reserved 1089536K
  class space    used 5662K, capacity 6012K, committed 6016K, reserved 1048576K
}
Event: 4.699 GC heap after
{Heap after GC invocations=9 (full 0):
 garbage-first heap   total 129024K, used 27383K [0x0000000080000000, 0x0000000100000000)
  region size 1024K, 6 young (6144K), 6 survivors (6144K)
 Metaspace       used 44147K, capacity 45133K, committed 45184K, reserved 1089536K
  class space    used 5662K, capacity 6012K, committed 6016K, reserved 1048576K
}
Event: 5.156 GC heap before
{Heap before GC invocations=9 (full 0):
 garbage-first heap   total 129024K, used 88823K [0x0000000080000000, 0x0000000100000000)
  region size 1024K, 64 young (65536K), 6 survivors (6144K)
 Metaspace       used 49762K, capacity 50902K, committed 51072K, reserved 1093632K
  class space    used 6328K, capacity 6728K, committed 6784K, reserved 1048576K
}
Event: 5.162 GC heap after
{Heap after GC invocations=10 (full 0):
 garbage-first heap   total 129024K, used 37491K [0x0000000080000000, 0x0000000100000000)
  region size 1024K, 8 young (8192K), 8 survivors (8192K)
 Metaspace       used 49762K, capacity 50902K, committed 51072K, reserved 1093632K
  class space    used 6328K, capacity 6728K, committed 6784K, reserved 1048576K
}
Event: 5.697 GC heap before
{Heap before GC invocations=10 (full 0):
 garbage-first heap   total 129024K, used 90739K [0x0000000080000000, 0x0000000100000000)
  region size 1024K, 61 young (62464K), 8 survivors (8192K)
 Metaspace       used 56905K, capacity 58302K, committed 58496K, reserved 1099776K
  class space    used 7249K, capacity 7732K, committed 7808K, reserved 1048576K
}
Event: 5.704 GC heap after
{Heap after GC invocations=11 (full 0):
 garbage-first heap   total 129024K, used 42080K [0x0000000080000000, 0x0000000100000000)
  region size 1024K, 4 young (4096K), 4 survivors (4096K)
 Metaspace       used 56905K, capacity 58302K, committed 58496K, reserved 1099776K
  class space    used 7249K, capacity 7732K, committed 7808K, reserved 1048576K
}
Event: 6.060 GC heap before
{Heap before GC invocations=11 (full 0):
 garbage-first heap   total 129024K, used 59488K [0x0000000080000000, 0x0000000100000000)
  region size 1024K, 22 young (22528K), 4 survivors (4096K)
 Metaspace       used 58697K, capacity 60071K, committed 60160K, reserved 1101824K
  class space    used 7430K, capacity 7909K, committed 7936K, reserved 1048576K
}
Event: 6.068 GC heap after
{Heap after GC invocations=12 (full 0):
 garbage-first heap   total 155648K, used 43870K [0x0000000080000000, 0x0000000100000000)
  region size 1024K, 6 young (6144K), 6 survivors (6144K)
 Metaspace       used 58697K, capacity 60071K, committed 60160K, reserved 1101824K
  class space    used 7430K, capacity 7909K, committed 7936K, reserved 1048576K
}
Event: 6.901 GC heap before
{Heap before GC invocations=13 (full 0):
 garbage-first heap   total 155648K, used 101214K [0x0000000080000000, 0x0000000100000000)
  region size 1024K, 62 young (63488K), 6 survivors (6144K)
 Metaspace       used 62359K, capacity 63860K, committed 64128K, reserved 1105920K
  class space    used 8006K, capacity 8527K, committed 8576K, reserved 1048576K
}
Event: 6.907 GC heap after
{Heap after GC invocations=14 (full 0):
 garbage-first heap   total 155648K, used 47342K [0x0000000080000000, 0x0000000100000000)
  region size 1024K, 6 young (6144K), 6 survivors (6144K)
 Metaspace       used 62359K, capacity 63860K, committed 64128K, reserved 1105920K
  class space    used 8006K, capacity 8527K, committed 8576K, reserved 1048576K
}

