# JRE version: OpenJDK Runtime Environment (11.0.8+10) (build 11.0.8+10-b944.6842174)
# Java VM: OpenJDK 64-Bit Server VM (11.0.8+10-b944.6842174, mixed mode, tiered, compressed oops, g1 gc, windows-amd64)
Heap:
 garbage-first heap   total 155648K, used 100553K [0x0000000080000000, 0x0000000100000000)
  region size 1024K, 57 young (58368K), 5 survivors (5120K)
 Metaspace       used 65855K, capacity 67314K, committed 67532K, reserved 1107968K
  class space    used 8594K, capacity 9140K, committed 9216K, reserved 1048576K
GC Heap History (20 events):
Event: 0.658 GC heap before
{Heap before GC invocations=0 (full 0):
 garbage-first heap   total 129024K, used 29696K [0x0000000080000000, 0x0000000100000000)
  region size 1024K, 24 young (24576K), 0 survivors (0K)
 Metaspace       used 10667K, capacity 10890K, committed 11008K, reserved 1058816K
  class space    used 1130K, capacity 1202K, committed 1280K, reserved 1048576K
}
Event: 0.662 GC heap after
{Heap after GC invocations=1 (full 0):
 garbage-first heap   total 129024K, used 8836K [0x0000000080000000, 0x0000000100000000)
  region size 1024K, 3 young (3072K), 3 survivors (3072K)
 Metaspace       used 10667K, capacity 10890K, committed 11008K, reserved 1058816K
  class space    used 1130K, capacity 1202K, committed 1280K, reserved 1048576K
}
Event: 2.105 GC heap before
{Heap before GC invocations=1 (full 0):
 garbage-first heap   total 129024K, used 81540K [0x0000000080000000, 0x0000000100000000)
  region size 1024K, 75 young (76800K), 3 survivors (3072K)
 Metaspace       used 18892K, capacity 19346K, committed 19456K, reserved 1067008K
  class space    used 2284K, capacity 2458K, committed 2560K, reserved 1048576K
}
Event: 2.111 GC heap after
{Heap after GC invocations=2 (full 0):
 garbage-first heap   total 129024K, used 15421K [0x0000000080000000, 0x0000000100000000)
  region size 1024K, 10 young (10240K), 10 survivors (10240K)
 Metaspace       used 18892K, capacity 19346K, committed 19456K, reserved 1067008K
  class space    used 2284K, capacity 2458K, committed 2560K, reserved 1048576K
}
Event: 2.214 GC heap before
{Heap before GC invocations=2 (full 0):
 garbage-first heap   total 129024K, used 28733K [0x0000000080000000, 0x0000000100000000)
  region size 1024K, 24 young (24576K), 10 survivors (10240K)
 Metaspace       used 20652K, capacity 21115K, committed 21248K, reserved 1067008K
  class space    used 2536K, capacity 2712K, committed 2816K, reserved 1048576K
}
Event: 2.221 GC heap after
{Heap after GC invocations=3 (full 0):
 garbage-first heap   total 129024K, used 16683K [0x0000000080000000, 0x0000000100000000)
  region size 1024K, 1 young (1024K), 1 survivors (1024K)
 Metaspace       used 20652K, capacity 21115K, committed 21248K, reserved 1067008K
  class space    used 2536K, capacity 2712K, committed 2816K, reserved 1048576K
}
Event: 2.683 GC heap before
{Heap before GC invocations=4 (full 0):
 garbage-first heap   total 129024K, used 74027K [0x0000000080000000, 0x0000000100000000)
  region size 1024K, 57 young (58368K), 1 survivors (1024K)
 Metaspace       used 26809K, capacity 27416K, committed 27648K, reserved 1073152K
  class space    used 3529K, capacity 3754K, committed 3840K, reserved 1048576K
}
Event: 2.686 GC heap after
{Heap after GC invocations=5 (full 0):
 garbage-first heap   total 129024K, used 18531K [0x0000000080000000, 0x0000000100000000)
  region size 1024K, 3 young (3072K), 3 survivors (3072K)
 Metaspace       used 26809K, capacity 27416K, committed 27648K, reserved 1073152K
  class space    used 3529K, capacity 3754K, committed 3840K, reserved 1048576K
}
Event: 3.202 GC heap before
{Heap before GC invocations=5 (full 0):
 garbage-first heap   total 129024K, used 60515K [0x0000000080000000, 0x0000000100000000)
  region size 1024K, 45 young (46080K), 3 survivors (3072K)
 Metaspace       used 35113K, capacity 35773K, committed 35840K, reserved 1081344K
  class space    used 4571K, capacity 4856K, committed 4864K, reserved 1048576K
}
Event: 3.209 GC heap after
{Heap after GC invocations=6 (full 0):
 garbage-first heap   total 129024K, used 21613K [0x0000000080000000, 0x0000000100000000)
  region size 1024K, 6 young (6144K), 6 survivors (6144K)
 Metaspace       used 35113K, capacity 35773K, committed 35840K, reserved 1081344K
  class space    used 4571K, capacity 4856K, committed 4864K, reserved 1048576K
}
Event: 3.896 GC heap before
{Heap before GC invocations=7 (full 0):
 garbage-first heap   total 129024K, used 86125K [0x0000000080000000, 0x0000000100000000)
  region size 1024K, 66 young (67584K), 6 survivors (6144K)
 Metaspace       used 41033K, capacity 41862K, committed 41984K, reserved 1085440K
  class space    used 5250K, capacity 5536K, committed 5632K, reserved 1048576K
}
Event: 3.904 GC heap after
{Heap after GC invocations=8 (full 0):
 garbage-first heap   total 129024K, used 25089K [0x0000000080000000, 0x0000000100000000)
  region size 1024K, 7 young (7168K), 7 survivors (7168K)
 Metaspace       used 41033K, capacity 41862K, committed 41984K, reserved 1085440K
  class space    used 5250K, capacity 5536K, committed 5632K, reserved 1048576K
}
Event: 4.640 GC heap before
{Heap before GC invocations=8 (full 0):
 garbage-first heap   total 129024K, used 87553K [0x0000000080000000, 0x0000000100000000)
  region size 1024K, 68 young (69632K), 7 survivors (7168K)
 Metaspace       used 44351K, capacity 45425K, committed 45568K, reserved 1089536K
  class space    used 5684K, capacity 6064K, committed 6144K, reserved 1048576K
}
Event: 4.646 GC heap after
{Heap after GC invocations=9 (full 0):
 garbage-first heap   total 155648K, used 27692K [0x0000000080000000, 0x0000000100000000)
  region size 1024K, 6 young (6144K), 6 survivors (6144K)
 Metaspace       used 44351K, capacity 45425K, committed 45568K, reserved 1089536K
  class space    used 5684K, capacity 6064K, committed 6144K, reserved 1048576K
}
Event: 5.448 GC heap before
{Heap before GC invocations=9 (full 0):
 garbage-first heap   total 155648K, used 105516K [0x0000000080000000, 0x0000000100000000)
  region size 1024K, 80 young (81920K), 6 survivors (6144K)
 Metaspace       used 53495K, capacity 54786K, committed 54912K, reserved 1097728K
  class space    used 6820K, capacity 7269K, committed 7296K, reserved 1048576K
}
Event: 5.457 GC heap after
{Heap after GC invocations=10 (full 0):
 garbage-first heap   total 155648K, used 38484K [0x0000000080000000, 0x0000000100000000)
  region size 1024K, 10 young (10240K), 10 survivors (10240K)
 Metaspace       used 53495K, capacity 54786K, committed 54912K, reserved 1097728K
  class space    used 6820K, capacity 7269K, committed 7296K, reserved 1048576K
}
Event: 6.215 GC heap before
{Heap before GC invocations=10 (full 0):
 garbage-first heap   total 155648K, used 82516K [0x0000000080000000, 0x0000000100000000)
  region size 1024K, 54 young (55296K), 10 survivors (10240K)
 Metaspace       used 58698K, capacity 60105K, committed 60160K, reserved 1101824K
  class space    used 7436K, capacity 7921K, committed 7936K, reserved 1048576K
}
Event: 6.242 GC heap after
{Heap after GC invocations=11 (full 0):
 garbage-first heap   total 155648K, used 44434K [0x0000000080000000, 0x0000000100000000)
  region size 1024K, 6 young (6144K), 6 survivors (6144K)
 Metaspace       used 58698K, capacity 60105K, committed 60160K, reserved 1101824K
  class space    used 7436K, capacity 7921K, committed 7936K, reserved 1048576K
}
Event: 6.747 GC heap before
{Heap before GC invocations=12 (full 0):
 garbage-first heap   total 155648K, used 105874K [0x0000000080000000, 0x0000000100000000)
  region size 1024K, 66 young (67584K), 6 survivors (6144K)
 Metaspace       used 63046K, capacity 64512K, committed 64716K, reserved 1105920K
  class space    used 8163K, capacity 8682K, committed 8704K, reserved 1048576K
}
Event: 6.753 GC heap after
{Heap after GC invocations=13 (full 0):
 garbage-first heap   total 155648K, used 48329K [0x0000000080000000, 0x0000000100000000)
  region size 1024K, 5 young (5120K), 5 survivors (5120K)
 Metaspace       used 63046K, capacity 64512K, committed 64716K, reserved 1105920K
  class space    used 8163K, capacity 8682K, committed 8704K, reserved 1048576K
}

