# JRE version: OpenJDK Runtime Environment (11.0.8+10) (build 11.0.8+10-b944.6842174)
# Java VM: OpenJDK 64-Bit Server VM (11.0.8+10-b944.6842174, mixed mode, tiered, compressed oops, g1 gc, windows-amd64)
Heap:
 garbage-first heap   total 225280K, used 151732K [0x0000000080000000, 0x0000000100000000)
  region size 1024K, 11 young (11264K), 6 survivors (6144K)
 Metaspace       used 117294K, capacity 120228K, committed 120524K, reserved 1155072K
  class space    used 14353K, capacity 15321K, committed 15360K, reserved 1048576K
GC Heap History (20 events):
Event: 5907.069 GC heap before
{Heap before GC invocations=45 (full 0):
 garbage-first heap   total 187392K, used 152914K [0x0000000080000000, 0x0000000100000000)
  region size 1024K, 41 young (41984K), 1 survivors (1024K)
 Metaspace       used 110611K, capacity 113353K, committed 113612K, reserved 1148928K
  class space    used 13735K, capacity 14656K, committed 14848K, reserved 1048576K
}
Event: 5907.075 GC heap after
{Heap after GC invocations=46 (full 0):
 garbage-first heap   total 187392K, used 113540K [0x0000000080000000, 0x0000000100000000)
  region size 1024K, 3 young (3072K), 3 survivors (3072K)
 Metaspace       used 110611K, capacity 113353K, committed 113612K, reserved 1148928K
  class space    used 13735K, capacity 14656K, committed 14848K, reserved 1048576K
}
Event: 5907.502 GC heap before
{Heap before GC invocations=47 (full 0):
 garbage-first heap   total 187392K, used 153476K [0x0000000080000000, 0x0000000100000000)
  region size 1024K, 43 young (44032K), 3 survivors (3072K)
 Metaspace       used 110672K, capacity 113417K, committed 113612K, reserved 1148928K
  class space    used 13735K, capacity 14656K, committed 14848K, reserved 1048576K
}
Event: 5907.509 GC heap after
{Heap after GC invocations=48 (full 0):
 garbage-first heap   total 187392K, used 119885K [0x0000000080000000, 0x0000000100000000)
  region size 1024K, 6 young (6144K), 6 survivors (6144K)
 Metaspace       used 110672K, capacity 113417K, committed 113612K, reserved 1148928K
  class space    used 13735K, capacity 14656K, committed 14848K, reserved 1048576K
}
Event: 5907.536 GC heap before
{Heap before GC invocations=48 (full 0):
 garbage-first heap   total 187392K, used 122957K [0x0000000080000000, 0x0000000100000000)
  region size 1024K, 9 young (9216K), 6 survivors (6144K)
 Metaspace       used 110672K, capacity 113417K, committed 113612K, reserved 1148928K
  class space    used 13735K, capacity 14656K, committed 14848K, reserved 1048576K
}
Event: 5907.543 GC heap after
{Heap after GC invocations=49 (full 0):
 garbage-first heap   total 187392K, used 120890K [0x0000000080000000, 0x0000000100000000)
  region size 1024K, 1 young (1024K), 1 survivors (1024K)
 Metaspace       used 110672K, capacity 113417K, committed 113612K, reserved 1148928K
  class space    used 13735K, capacity 14656K, committed 14848K, reserved 1048576K
}
Event: 5907.611 GC heap before
{Heap before GC invocations=49 (full 0):
 garbage-first heap   total 187392K, used 128058K [0x0000000080000000, 0x0000000100000000)
  region size 1024K, 9 young (9216K), 1 survivors (1024K)
 Metaspace       used 110673K, capacity 113417K, committed 113612K, reserved 1148928K
  class space    used 13735K, capacity 14656K, committed 14848K, reserved 1048576K
}
Event: 5907.615 GC heap after
{Heap after GC invocations=50 (full 0):
 garbage-first heap   total 187392K, used 121914K [0x0000000080000000, 0x0000000100000000)
  region size 1024K, 2 young (2048K), 2 survivors (2048K)
 Metaspace       used 110673K, capacity 113417K, committed 113612K, reserved 1148928K
  class space    used 13735K, capacity 14656K, committed 14848K, reserved 1048576K
}
Event: 5907.953 GC heap before
{Heap before GC invocations=51 (full 0):
 garbage-first heap   total 187392K, used 154682K [0x0000000080000000, 0x0000000100000000)
  region size 1024K, 31 young (31744K), 2 survivors (2048K)
 Metaspace       used 110721K, capacity 113417K, committed 113612K, reserved 1148928K
  class space    used 13735K, capacity 14656K, committed 14848K, reserved 1048576K
}
Event: 5907.962 GC heap after
{Heap after GC invocations=52 (full 0):
 garbage-first heap   total 187392K, used 129889K [0x0000000080000000, 0x0000000100000000)
  region size 1024K, 4 young (4096K), 4 survivors (4096K)
 Metaspace       used 110721K, capacity 113417K, committed 113612K, reserved 1148928K
  class space    used 13735K, capacity 14656K, committed 14848K, reserved 1048576K
}
Event: 5908.020 GC heap before
{Heap before GC invocations=52 (full 0):
 garbage-first heap   total 187392K, used 135009K [0x0000000080000000, 0x0000000100000000)
  region size 1024K, 9 young (9216K), 4 survivors (4096K)
 Metaspace       used 110723K, capacity 113417K, committed 113612K, reserved 1148928K
  class space    used 13735K, capacity 14656K, committed 14848K, reserved 1048576K
}
Event: 5908.026 GC heap after
{Heap after GC invocations=53 (full 0):
 garbage-first heap   total 187392K, used 131256K [0x0000000080000000, 0x0000000100000000)
  region size 1024K, 2 young (2048K), 2 survivors (2048K)
 Metaspace       used 110723K, capacity 113417K, committed 113612K, reserved 1148928K
  class space    used 13735K, capacity 14656K, committed 14848K, reserved 1048576K
}
Event: 5908.257 GC heap before
{Heap before GC invocations=53 (full 0):
 garbage-first heap   total 187392K, used 153784K [0x0000000080000000, 0x0000000100000000)
  region size 1024K, 25 young (25600K), 2 survivors (2048K)
 Metaspace       used 111592K, capacity 114302K, committed 114636K, reserved 1148928K
  class space    used 13822K, capacity 14715K, committed 14848K, reserved 1048576K
}
Event: 5908.262 GC heap after
{Heap after GC invocations=54 (full 0):
 garbage-first heap   total 187392K, used 132175K [0x0000000080000000, 0x0000000100000000)
  region size 1024K, 3 young (3072K), 3 survivors (3072K)
 Metaspace       used 111592K, capacity 114302K, committed 114636K, reserved 1148928K
  class space    used 13822K, capacity 14715K, committed 14848K, reserved 1048576K
}
Event: 5908.761 GC heap before
{Heap before GC invocations=55 (full 0):
 garbage-first heap   total 187392K, used 160847K [0x0000000080000000, 0x0000000100000000)
  region size 1024K, 26 young (26624K), 3 survivors (3072K)
 Metaspace       used 114195K, capacity 117159K, committed 117196K, reserved 1150976K
  class space    used 14111K, capacity 15079K, committed 15104K, reserved 1048576K
}
Event: 5908.769 GC heap after
{Heap after GC invocations=56 (full 0):
 garbage-first heap   total 187392K, used 137416K [0x0000000080000000, 0x0000000100000000)
  region size 1024K, 4 young (4096K), 4 survivors (4096K)
 Metaspace       used 114195K, capacity 117159K, committed 117196K, reserved 1150976K
  class space    used 14111K, capacity 15079K, committed 15104K, reserved 1048576K
}
Event: 5908.846 GC heap before
{Heap before GC invocations=56 (full 0):
 garbage-first heap   total 187392K, used 142536K [0x0000000080000000, 0x0000000100000000)
  region size 1024K, 9 young (9216K), 4 survivors (4096K)
 Metaspace       used 114200K, capacity 117159K, committed 117196K, reserved 1150976K
  class space    used 14111K, capacity 15079K, committed 15104K, reserved 1048576K
}
Event: 5908.855 GC heap after
{Heap after GC invocations=57 (full 0):
 garbage-first heap   total 225280K, used 137371K [0x0000000080000000, 0x0000000100000000)
  region size 1024K, 2 young (2048K), 2 survivors (2048K)
 Metaspace       used 114200K, capacity 117159K, committed 117196K, reserved 1150976K
  class space    used 14111K, capacity 15079K, committed 15104K, reserved 1048576K
}
Event: 5909.161 GC heap before
{Heap before GC invocations=57 (full 0):
 garbage-first heap   total 225280K, used 157851K [0x0000000080000000, 0x0000000100000000)
  region size 1024K, 24 young (24576K), 2 survivors (2048K)
 Metaspace       used 114282K, capacity 117265K, committed 117580K, reserved 1150976K
  class space    used 14115K, capacity 15114K, committed 15232K, reserved 1048576K
}
Event: 5909.170 GC heap after
{Heap after GC invocations=58 (full 0):
 garbage-first heap   total 225280K, used 142825K [0x0000000080000000, 0x0000000100000000)
  region size 1024K, 5 young (5120K), 5 survivors (5120K)
 Metaspace       used 114282K, capacity 117265K, committed 117580K, reserved 1150976K
  class space    used 14115K, capacity 15114K, committed 15232K, reserved 1048576K
}

