# JRE version: OpenJDK Runtime Environment (11.0.8+10) (build 11.0.8+10-b944.6842174)
# Java VM: OpenJDK 64-Bit Server VM (11.0.8+10-b944.6842174, mixed mode, tiered, compressed oops, g1 gc, windows-amd64)
Heap:
 garbage-first heap   total 155648K, used 97883K [0x0000000080000000, 0x0000000100000000)
  region size 1024K, 73 young (74752K), 6 survivors (6144K)
 Metaspace       used 50521K, capacity 51660K, committed 51916K, reserved 1093632K
  class space    used 6427K, capacity 6831K, committed 6912K, reserved 1048576K
GC Heap History (16 events):
Event: 0.865 GC heap before
{Heap before GC invocations=0 (full 0):
 garbage-first heap   total 129024K, used 29696K [0x0000000080000000, 0x0000000100000000)
  region size 1024K, 24 young (24576K), 0 survivors (0K)
 Metaspace       used 10678K, capacity 10954K, committed 11264K, reserved 1058816K
  class space    used 1130K, capacity 1202K, committed 1280K, reserved 1048576K
}
Event: 0.869 GC heap after
{Heap after GC invocations=1 (full 0):
 garbage-first heap   total 129024K, used 8980K [0x0000000080000000, 0x0000000100000000)
  region size 1024K, 3 young (3072K), 3 survivors (3072K)
 Metaspace       used 10678K, capacity 10954K, committed 11264K, reserved 1058816K
  class space    used 1130K, capacity 1202K, committed 1280K, reserved 1048576K
}
Event: 1.291 GC heap before
{Heap before GC invocations=1 (full 0):
 garbage-first heap   total 129024K, used 37652K [0x0000000080000000, 0x0000000100000000)
  region size 1024K, 32 young (32768K), 3 survivors (3072K)
 Metaspace       used 10994K, capacity 11150K, committed 11264K, reserved 1058816K
  class space    used 1146K, capacity 1203K, committed 1280K, reserved 1048576K
}
Event: 1.296 GC heap after
{Heap after GC invocations=2 (full 0):
 garbage-first heap   total 129024K, used 12969K [0x0000000080000000, 0x0000000100000000)
  region size 1024K, 4 young (4096K), 4 survivors (4096K)
 Metaspace       used 10994K, capacity 11150K, committed 11264K, reserved 1058816K
  class space    used 1146K, capacity 1203K, committed 1280K, reserved 1048576K
}
Event: 3.242 GC heap before
{Heap before GC invocations=2 (full 0):
 garbage-first heap   total 129024K, used 55977K [0x0000000080000000, 0x0000000100000000)
  region size 1024K, 46 young (47104K), 4 survivors (4096K)
 Metaspace       used 18878K, capacity 19281K, committed 19328K, reserved 1067008K
  class space    used 2283K, capacity 2394K, committed 2432K, reserved 1048576K
}
Event: 3.248 GC heap after
{Heap after GC invocations=3 (full 0):
 garbage-first heap   total 129024K, used 15775K [0x0000000080000000, 0x0000000100000000)
  region size 1024K, 3 young (3072K), 3 survivors (3072K)
 Metaspace       used 18878K, capacity 19281K, committed 19328K, reserved 1067008K
  class space    used 2283K, capacity 2394K, committed 2432K, reserved 1048576K
}
Event: 3.405 GC heap before
{Heap before GC invocations=3 (full 0):
 garbage-first heap   total 129024K, used 29087K [0x0000000080000000, 0x0000000100000000)
  region size 1024K, 17 young (17408K), 3 survivors (3072K)
 Metaspace       used 20652K, capacity 21115K, committed 21248K, reserved 1067008K
  class space    used 2537K, capacity 2712K, committed 2816K, reserved 1048576K
}
Event: 3.410 GC heap after
{Heap after GC invocations=4 (full 0):
 garbage-first heap   total 129024K, used 16315K [0x0000000080000000, 0x0000000100000000)
  region size 1024K, 4 young (4096K), 4 survivors (4096K)
 Metaspace       used 20652K, capacity 21115K, committed 21248K, reserved 1067008K
  class space    used 2537K, capacity 2712K, committed 2816K, reserved 1048576K
}
Event: 4.027 GC heap before
{Heap before GC invocations=5 (full 0):
 garbage-first heap   total 129024K, used 64443K [0x0000000080000000, 0x0000000100000000)
  region size 1024K, 51 young (52224K), 4 survivors (4096K)
 Metaspace       used 26033K, capacity 26681K, committed 27008K, reserved 1073152K
  class space    used 3403K, capacity 3634K, committed 3712K, reserved 1048576K
}
Event: 4.034 GC heap after
{Heap after GC invocations=6 (full 0):
 garbage-first heap   total 129024K, used 17904K [0x0000000080000000, 0x0000000100000000)
  region size 1024K, 5 young (5120K), 5 survivors (5120K)
 Metaspace       used 26033K, capacity 26681K, committed 27008K, reserved 1073152K
  class space    used 3403K, capacity 3634K, committed 3712K, reserved 1048576K
}
Event: 5.239 GC heap before
{Heap before GC invocations=6 (full 0):
 garbage-first heap   total 129024K, used 69104K [0x0000000080000000, 0x0000000100000000)
  region size 1024K, 56 young (57344K), 5 survivors (5120K)
 Metaspace       used 35055K, capacity 35769K, committed 35840K, reserved 1081344K
  class space    used 4563K, capacity 4856K, committed 4864K, reserved 1048576K
}
Event: 5.250 GC heap after
{Heap after GC invocations=7 (full 0):
 garbage-first heap   total 129024K, used 21435K [0x0000000080000000, 0x0000000100000000)
  region size 1024K, 6 young (6144K), 6 survivors (6144K)
 Metaspace       used 35055K, capacity 35769K, committed 35840K, reserved 1081344K
  class space    used 4563K, capacity 4856K, committed 4864K, reserved 1048576K
}
Event: 5.966 GC heap before
{Heap before GC invocations=8 (full 0):
 garbage-first heap   total 129024K, used 80827K [0x0000000080000000, 0x0000000100000000)
  region size 1024K, 61 young (62464K), 6 survivors (6144K)
 Metaspace       used 40662K, capacity 41502K, committed 41548K, reserved 1085440K
  class space    used 5196K, capacity 5501K, committed 5504K, reserved 1048576K
}
Event: 5.976 GC heap after
{Heap after GC invocations=9 (full 0):
 garbage-first heap   total 129024K, used 24920K [0x0000000080000000, 0x0000000100000000)
  region size 1024K, 7 young (7168K), 7 survivors (7168K)
 Metaspace       used 40662K, capacity 41502K, committed 41548K, reserved 1085440K
  class space    used 5196K, capacity 5501K, committed 5504K, reserved 1048576K
}
Event: 6.945 GC heap before
{Heap before GC invocations=9 (full 0):
 garbage-first heap   total 129024K, used 83288K [0x0000000080000000, 0x0000000100000000)
  region size 1024K, 64 young (65536K), 7 survivors (7168K)
 Metaspace       used 44200K, capacity 45249K, committed 45516K, reserved 1089536K
  class space    used 5669K, capacity 6051K, committed 6144K, reserved 1048576K
}
Event: 6.953 GC heap after
{Heap after GC invocations=10 (full 0):
 garbage-first heap   total 155648K, used 27227K [0x0000000080000000, 0x0000000100000000)
  region size 1024K, 6 young (6144K), 6 survivors (6144K)
 Metaspace       used 44200K, capacity 45249K, committed 45516K, reserved 1089536K
  class space    used 5669K, capacity 6051K, committed 6144K, reserved 1048576K
}

