# JRE version: OpenJDK Runtime Environment (11.0.8+10) (build 11.0.8+10-b944.6842174)
# Java VM: OpenJDK 64-Bit Server VM (11.0.8+10-b944.6842174, mixed mode, tiered, compressed oops, g1 gc, windows-amd64)
Heap:
 garbage-first heap   total 187392K, used 148944K [0x0000000080000000, 0x0000000100000000)
  region size 1024K, 50 young (51200K), 9 survivors (9216K)
 Metaspace       used 84490K, capacity 86579K, committed 86988K, reserved 1128448K
  class space    used 10677K, capacity 11373K, committed 11520K, reserved 1048576K
GC Heap History (20 events):
Event: 7.627 GC heap before
{Heap before GC invocations=11 (full 0):
 garbage-first heap   total 129024K, used 88934K [0x0000000080000000, 0x0000000100000000)
  region size 1024K, 59 young (60416K), 8 survivors (8192K)
 Metaspace       used 55976K, capacity 57350K, committed 57600K, reserved 1099776K
  class space    used 7123K, capacity 7611K, committed 7680K, reserved 1048576K
}
Event: 7.636 GC heap after
{Heap after GC invocations=12 (full 0):
 garbage-first heap   total 155648K, used 40844K [0x0000000080000000, 0x0000000100000000)
  region size 1024K, 4 young (4096K), 4 survivors (4096K)
 Metaspace       used 55976K, capacity 57350K, committed 57600K, reserved 1099776K
  class space    used 7123K, capacity 7611K, committed 7680K, reserved 1048576K
}
Event: 7.985 GC heap before
{Heap before GC invocations=12 (full 0):
 garbage-first heap   total 155648K, used 67468K [0x0000000080000000, 0x0000000100000000)
  region size 1024K, 31 young (31744K), 4 survivors (4096K)
 Metaspace       used 58686K, capacity 60107K, committed 60160K, reserved 1101824K
  class space    used 7437K, capacity 7921K, committed 7936K, reserved 1048576K
}
Event: 7.990 GC heap after
{Heap after GC invocations=13 (full 0):
 garbage-first heap   total 155648K, used 43372K [0x0000000080000000, 0x0000000100000000)
  region size 1024K, 7 young (7168K), 7 survivors (7168K)
 Metaspace       used 58686K, capacity 60107K, committed 60160K, reserved 1101824K
  class space    used 7437K, capacity 7921K, committed 7936K, reserved 1048576K
}
Event: 8.609 GC heap before
{Heap before GC invocations=14 (full 0):
 garbage-first heap   total 155648K, used 101740K [0x0000000080000000, 0x0000000100000000)
  region size 1024K, 64 young (65536K), 7 survivors (7168K)
 Metaspace       used 62490K, capacity 63952K, committed 64076K, reserved 1105920K
  class space    used 8043K, capacity 8560K, committed 8576K, reserved 1048576K
}
Event: 8.623 GC heap after
{Heap after GC invocations=15 (full 0):
 garbage-first heap   total 155648K, used 46992K [0x0000000080000000, 0x0000000100000000)
  region size 1024K, 7 young (7168K), 7 survivors (7168K)
 Metaspace       used 62490K, capacity 63952K, committed 64076K, reserved 1105920K
  class space    used 8043K, capacity 8560K, committed 8576K, reserved 1048576K
}
Event: 9.292 GC heap before
{Heap before GC invocations=16 (full 0):
 garbage-first heap   total 155648K, used 107408K [0x0000000080000000, 0x0000000100000000)
  region size 1024K, 66 young (67584K), 7 survivors (7168K)
 Metaspace       used 66068K, capacity 67569K, committed 67788K, reserved 1107968K
  class space    used 8622K, capacity 9156K, committed 9216K, reserved 1048576K
}
Event: 9.303 GC heap after
{Heap after GC invocations=17 (full 0):
 garbage-first heap   total 155648K, used 51586K [0x0000000080000000, 0x0000000100000000)
  region size 1024K, 9 young (9216K), 9 survivors (9216K)
 Metaspace       used 66068K, capacity 67569K, committed 67788K, reserved 1107968K
  class space    used 8622K, capacity 9156K, committed 9216K, reserved 1048576K
}
Event: 10.053 GC heap before
{Heap before GC invocations=17 (full 0):
 garbage-first heap   total 155648K, used 112002K [0x0000000080000000, 0x0000000100000000)
  region size 1024K, 68 young (69632K), 9 survivors (9216K)
 Metaspace       used 72179K, capacity 73870K, committed 74060K, reserved 1114112K
  class space    used 9483K, capacity 10066K, committed 10112K, reserved 1048576K
}
Event: 10.064 GC heap after
{Heap after GC invocations=18 (full 0):
 garbage-first heap   total 155648K, used 55943K [0x0000000080000000, 0x0000000100000000)
  region size 1024K, 5 young (5120K), 5 survivors (5120K)
 Metaspace       used 72179K, capacity 73870K, committed 74060K, reserved 1114112K
  class space    used 9483K, capacity 10066K, committed 10112K, reserved 1048576K
}
Event: 10.850 GC heap before
{Heap before GC invocations=18 (full 0):
 garbage-first heap   total 155648K, used 114311K [0x0000000080000000, 0x0000000100000000)
  region size 1024K, 63 young (64512K), 5 survivors (5120K)
 Metaspace       used 75666K, capacity 77589K, committed 77644K, reserved 1116160K
  class space    used 9903K, capacity 10579K, committed 10624K, reserved 1048576K
}
Event: 10.859 GC heap after
{Heap after GC invocations=19 (full 0):
 garbage-first heap   total 187392K, used 59418K [0x0000000080000000, 0x0000000100000000)
  region size 1024K, 8 young (8192K), 8 survivors (8192K)
 Metaspace       used 75666K, capacity 77589K, committed 77644K, reserved 1116160K
  class space    used 9903K, capacity 10579K, committed 10624K, reserved 1048576K
}
Event: 12.202 GC heap before
{Heap before GC invocations=19 (full 0):
 garbage-first heap   total 187392K, used 132122K [0x0000000080000000, 0x0000000100000000)
  region size 1024K, 79 young (80896K), 8 survivors (8192K)
 Metaspace       used 77276K, capacity 79287K, committed 79436K, reserved 1118208K
  class space    used 10069K, capacity 10753K, committed 10880K, reserved 1048576K
}
Event: 12.210 GC heap after
{Heap after GC invocations=20 (full 0):
 garbage-first heap   total 187392K, used 62820K [0x0000000080000000, 0x0000000100000000)
  region size 1024K, 7 young (7168K), 7 survivors (7168K)
 Metaspace       used 77276K, capacity 79287K, committed 79436K, reserved 1118208K
  class space    used 10069K, capacity 10753K, committed 10880K, reserved 1048576K
}
Event: 13.158 GC heap before
{Heap before GC invocations=20 (full 0):
 garbage-first heap   total 187392K, used 135524K [0x0000000080000000, 0x0000000100000000)
  region size 1024K, 79 young (80896K), 7 survivors (7168K)
 Metaspace       used 77598K, capacity 79625K, committed 79948K, reserved 1118208K
  class space    used 10080K, capacity 10756K, committed 10880K, reserved 1048576K
}
Event: 13.172 GC heap after
{Heap after GC invocations=21 (full 0):
 garbage-first heap   total 187392K, used 70736K [0x0000000080000000, 0x0000000100000000)
  region size 1024K, 10 young (10240K), 10 survivors (10240K)
 Metaspace       used 77598K, capacity 79625K, committed 79948K, reserved 1118208K
  class space    used 10080K, capacity 10756K, committed 10880K, reserved 1048576K
}
Event: 13.946 GC heap before
{Heap before GC invocations=21 (full 0):
 garbage-first heap   total 187392K, used 143440K [0x0000000080000000, 0x0000000100000000)
  region size 1024K, 78 young (79872K), 10 survivors (10240K)
 Metaspace       used 78673K, capacity 80771K, committed 81100K, reserved 1120256K
  class space    used 10185K, capacity 10882K, committed 11008K, reserved 1048576K
}
Event: 13.961 GC heap after
{Heap after GC invocations=22 (full 0):
 garbage-first heap   total 187392K, used 83463K [0x0000000080000000, 0x0000000100000000)
  region size 1024K, 10 young (10240K), 10 survivors (10240K)
 Metaspace       used 78673K, capacity 80771K, committed 81100K, reserved 1120256K
  class space    used 10185K, capacity 10882K, committed 11008K, reserved 1048576K
}
Event: 14.719 GC heap before
{Heap before GC invocations=22 (full 0):
 garbage-first heap   total 187392K, used 142855K [0x0000000080000000, 0x0000000100000000)
  region size 1024K, 61 young (62464K), 10 survivors (10240K)
 Metaspace       used 81375K, capacity 83451K, committed 83660K, reserved 1122304K
  class space    used 10450K, capacity 11154K, committed 11264K, reserved 1048576K
}
Event: 14.737 GC heap after
{Heap after GC invocations=23 (full 0):
 garbage-first heap   total 187392K, used 96720K [0x0000000080000000, 0x0000000100000000)
  region size 1024K, 9 young (9216K), 9 survivors (9216K)
 Metaspace       used 81375K, capacity 83451K, committed 83660K, reserved 1122304K
  class space    used 10450K, capacity 11154K, committed 11264K, reserved 1048576K
}

