# JRE version: OpenJDK Runtime Environment (11.0.8+10) (build 11.0.8+10-b944.6842174)
# Java VM: OpenJDK 64-Bit Server VM (11.0.8+10-b944.6842174, mixed mode, tiered, compressed oops, g1 gc, windows-amd64)
Heap:
 garbage-first heap   total 155648K, used 110592K [0x0000000080000000, 0x0000000100000000)
  region size 1024K, 68 young (69632K), 5 survivors (5120K)
 Metaspace       used 67631K, capacity 69274K, committed 69324K, reserved 1110016K
  class space    used 8859K, capacity 9452K, committed 9472K, reserved 1048576K
GC Heap History (20 events):
Event: 0.561 GC heap before
{Heap before GC invocations=0 (full 0):
 garbage-first heap   total 129024K, used 29696K [0x0000000080000000, 0x0000000100000000)
  region size 1024K, 24 young (24576K), 0 survivors (0K)
 Metaspace       used 10663K, capacity 10886K, committed 11008K, reserved 1058816K
  class space    used 1130K, capacity 1202K, committed 1280K, reserved 1048576K
}
Event: 0.564 GC heap after
{Heap after GC invocations=1 (full 0):
 garbage-first heap   total 129024K, used 8805K [0x0000000080000000, 0x0000000100000000)
  region size 1024K, 3 young (3072K), 3 survivors (3072K)
 Metaspace       used 10663K, capacity 10886K, committed 11008K, reserved 1058816K
  class space    used 1130K, capacity 1202K, committed 1280K, reserved 1048576K
}
Event: 1.916 GC heap before
{Heap before GC invocations=1 (full 0):
 garbage-first heap   total 129024K, used 81509K [0x0000000080000000, 0x0000000100000000)
  region size 1024K, 75 young (76800K), 3 survivors (3072K)
 Metaspace       used 18884K, capacity 19342K, committed 19456K, reserved 1067008K
  class space    used 2284K, capacity 2458K, committed 2560K, reserved 1048576K
}
Event: 1.921 GC heap after
{Heap after GC invocations=2 (full 0):
 garbage-first heap   total 129024K, used 15320K [0x0000000080000000, 0x0000000100000000)
  region size 1024K, 10 young (10240K), 10 survivors (10240K)
 Metaspace       used 18884K, capacity 19342K, committed 19456K, reserved 1067008K
  class space    used 2284K, capacity 2458K, committed 2560K, reserved 1048576K
}
Event: 2.028 GC heap before
{Heap before GC invocations=2 (full 0):
 garbage-first heap   total 129024K, used 28632K [0x0000000080000000, 0x0000000100000000)
  region size 1024K, 24 young (24576K), 10 survivors (10240K)
 Metaspace       used 20649K, capacity 21111K, committed 21248K, reserved 1067008K
  class space    used 2538K, capacity 2712K, committed 2816K, reserved 1048576K
}
Event: 2.033 GC heap after
{Heap after GC invocations=3 (full 0):
 garbage-first heap   total 129024K, used 16135K [0x0000000080000000, 0x0000000100000000)
  region size 1024K, 1 young (1024K), 1 survivors (1024K)
 Metaspace       used 20649K, capacity 21111K, committed 21248K, reserved 1067008K
  class space    used 2538K, capacity 2712K, committed 2816K, reserved 1048576K
}
Event: 2.488 GC heap before
{Heap before GC invocations=4 (full 0):
 garbage-first heap   total 129024K, used 73479K [0x0000000080000000, 0x0000000100000000)
  region size 1024K, 58 young (59392K), 1 survivors (1024K)
 Metaspace       used 26869K, capacity 27480K, committed 27648K, reserved 1073152K
  class space    used 3541K, capacity 3755K, committed 3840K, reserved 1048576K
}
Event: 2.491 GC heap after
{Heap after GC invocations=5 (full 0):
 garbage-first heap   total 129024K, used 18005K [0x0000000080000000, 0x0000000100000000)
  region size 1024K, 3 young (3072K), 3 survivors (3072K)
 Metaspace       used 26869K, capacity 27480K, committed 27648K, reserved 1073152K
  class space    used 3541K, capacity 3755K, committed 3840K, reserved 1048576K
}
Event: 3.022 GC heap before
{Heap before GC invocations=5 (full 0):
 garbage-first heap   total 129024K, used 59989K [0x0000000080000000, 0x0000000100000000)
  region size 1024K, 45 young (46080K), 3 survivors (3072K)
 Metaspace       used 35124K, capacity 35769K, committed 35840K, reserved 1081344K
  class space    used 4569K, capacity 4856K, committed 4864K, reserved 1048576K
}
Event: 3.029 GC heap after
{Heap after GC invocations=6 (full 0):
 garbage-first heap   total 129024K, used 21072K [0x0000000080000000, 0x0000000100000000)
  region size 1024K, 6 young (6144K), 6 survivors (6144K)
 Metaspace       used 35124K, capacity 35769K, committed 35840K, reserved 1081344K
  class space    used 4569K, capacity 4856K, committed 4864K, reserved 1048576K
}
Event: 3.647 GC heap before
{Heap before GC invocations=7 (full 0):
 garbage-first heap   total 129024K, used 86608K [0x0000000080000000, 0x0000000100000000)
  region size 1024K, 67 young (68608K), 6 survivors (6144K)
 Metaspace       used 41084K, capacity 41970K, committed 42240K, reserved 1085440K
  class space    used 5259K, capacity 5574K, committed 5632K, reserved 1048576K
}
Event: 3.653 GC heap after
{Heap after GC invocations=8 (full 0):
 garbage-first heap   total 129024K, used 24367K [0x0000000080000000, 0x0000000100000000)
  region size 1024K, 7 young (7168K), 7 survivors (7168K)
 Metaspace       used 41084K, capacity 41970K, committed 42240K, reserved 1085440K
  class space    used 5259K, capacity 5574K, committed 5632K, reserved 1048576K
}
Event: 4.155 GC heap before
{Heap before GC invocations=8 (full 0):
 garbage-first heap   total 129024K, used 86831K [0x0000000080000000, 0x0000000100000000)
  region size 1024K, 68 young (69632K), 7 survivors (7168K)
 Metaspace       used 44320K, capacity 45331K, committed 45568K, reserved 1089536K
  class space    used 5684K, capacity 6034K, committed 6144K, reserved 1048576K
}
Event: 4.161 GC heap after
{Heap after GC invocations=9 (full 0):
 garbage-first heap   total 129024K, used 27178K [0x0000000080000000, 0x0000000100000000)
  region size 1024K, 6 young (6144K), 6 survivors (6144K)
 Metaspace       used 44320K, capacity 45331K, committed 45568K, reserved 1089536K
  class space    used 5684K, capacity 6034K, committed 6144K, reserved 1048576K
}
Event: 4.681 GC heap before
{Heap before GC invocations=9 (full 0):
 garbage-first heap   total 129024K, used 94762K [0x0000000080000000, 0x0000000100000000)
  region size 1024K, 69 young (70656K), 6 survivors (6144K)
 Metaspace       used 52088K, capacity 53314K, committed 53504K, reserved 1095680K
  class space    used 6644K, capacity 7082K, committed 7168K, reserved 1048576K
}
Event: 4.687 GC heap after
{Heap after GC invocations=10 (full 0):
 garbage-first heap   total 155648K, used 37888K [0x0000000080000000, 0x0000000100000000)
  region size 1024K, 9 young (9216K), 9 survivors (9216K)
 Metaspace       used 52088K, capacity 53314K, committed 53504K, reserved 1095680K
  class space    used 6644K, capacity 7082K, committed 7168K, reserved 1048576K
}
Event: 5.292 GC heap before
{Heap before GC invocations=10 (full 0):
 garbage-first heap   total 155648K, used 92160K [0x0000000080000000, 0x0000000100000000)
  region size 1024K, 63 young (64512K), 9 survivors (9216K)
 Metaspace       used 58685K, capacity 60109K, committed 60160K, reserved 1101824K
  class space    used 7437K, capacity 7923K, committed 7936K, reserved 1048576K
}
Event: 5.312 GC heap after
{Heap after GC invocations=11 (full 0):
 garbage-first heap   total 155648K, used 43094K [0x0000000080000000, 0x0000000100000000)
  region size 1024K, 6 young (6144K), 6 survivors (6144K)
 Metaspace       used 58685K, capacity 60109K, committed 60160K, reserved 1101824K
  class space    used 7437K, capacity 7923K, committed 7936K, reserved 1048576K
}
Event: 6.116 GC heap before
{Heap before GC invocations=12 (full 0):
 garbage-first heap   total 155648K, used 109654K [0x0000000080000000, 0x0000000100000000)
  region size 1024K, 71 young (72704K), 6 survivors (6144K)
 Metaspace       used 63670K, capacity 65173K, committed 65356K, reserved 1105920K
  class space    used 8285K, capacity 8817K, committed 8832K, reserved 1048576K
}
Event: 6.123 GC heap after
{Heap after GC invocations=13 (full 0):
 garbage-first heap   total 155648K, used 47104K [0x0000000080000000, 0x0000000100000000)
  region size 1024K, 5 young (5120K), 5 survivors (5120K)
 Metaspace       used 63670K, capacity 65173K, committed 65356K, reserved 1105920K
  class space    used 8285K, capacity 8817K, committed 8832K, reserved 1048576K
}

